<?xml version="1.0" encoding="UTF-8"?>
<!-- Generated by org.testng.reporters.JUnitReportReporter -->
<testsuite hostname="DESKTOP-29UH38F" failures="0" tests="5" name="Employee_Application_Test.Employee_Test" time="273.561" errors="0" timestamp="2024-01-11T23:20:23 GMT-07:00" skipped="0">
  <testcase classname="Employee_Application_Test.Employee_Test" name="ClaimsFormDownload" time="28.250"/>
  <testcase classname="Employee_Application_Test.Employee_Test" name="ReportClaims" time="43.377"/>
  <testcase classname="Employee_Application_Test.Employee_Test" name="Coverages" time="105.909"/>
  <testcase classname="Employee_Application_Test.Employee_Test" name="Home" time="33.302"/>
  <testcase classname="Employee_Application_Test.Employee_Test" name="MyProfile" time="62.723"/>
</testsuite> <!-- Employee_Application_Test.Employee_Test -->
